<?xml version="1.0" encoding="UTF-8"?>
<testsuite xmlns:xsi="http://www.w3.org/2001/XMLSchema-instance" xsi:noNamespaceSchemaLocation="https://maven.apache.org/surefire/maven-surefire-plugin/xsd/surefire-test-report.xsd" name="org.kie.hacep.core.infra.SnapshotOnDemandUtilsTest" time="120.005" tests="2" errors="0" skipped="0" failures="0">
  <properties>
[...]
</properties>
  <testcase name="askAKafkaConsumerWithoutServerUpTest" classname="org.kie.hacep.core.infra.SnapshotOnDemandUtilsTest" time="59.999"/>
  <testcase name="askASnapshotWithoutServerUpTest" classname="org.kie.hacep.core.infra.SnapshotOnDemandUtilsTest" time="60.004"/>
</testsuite>